<?xml version="1.0" encoding="UTF-8"?>
<!-- Generated by org.testng.reporters.JUnitReportReporter -->
<testsuite hostname="WIN-8K4VQ16QB0H" failures="0" tests="1" name="Element_Practice.Elements" time="34.023" errors="0" timestamp="2023-08-31T20:34:09 GMT-07:00" skipped="0">
  <testcase classname="Element_Practice.Elements" name="Check_box" time="34.023"/>
  <system-out/>
</testsuite> <!-- Element_Practice.Elements -->
